2025-08-09 23:39:20,975 - INFO - Loading file: california_housing_train.csv, Size: 1706430 bytes
2025-08-09 23:39:21,087 - INFO - Successfully loaded CSV with delimiter ',': (17000, 9)
2025-08-09 23:39:21,799 - INFO - Successfully loaded data: 17000 rows, 9 columns
2025-08-09 23:39:21,800 - INFO - Initialized cleaned_df in session state
2025-08-09 23:39:21,808 - INFO - Computing missing value analysis...
2025-08-09 23:39:22,118 - INFO - Computing statistical summary...
2025-08-09 23:44:45,748 - INFO - Initialized cleaned_df in session state
2025-08-09 23:44:45,763 - INFO - Computing missing value analysis...
2025-08-09 23:44:46,075 - INFO - Computing statistical summary...
2025-08-09 23:44:46,404 - INFO - Computing correlation matrix...
2025-08-09 23:46:02,084 - INFO - Loading file: california_housing_train.csv, Size: 1706430 bytes
2025-08-09 23:46:02,200 - INFO - Successfully loaded CSV with delimiter ',': (17000, 9)
2025-08-09 23:46:02,912 - INFO - Successfully loaded data: 17000 rows, 9 columns
2025-08-09 23:46:02,931 - INFO - Computing missing value analysis...
2025-08-09 23:46:03,243 - INFO - Computing statistical summary...
2025-08-09 23:46:03,578 - INFO - Computing correlation matrix...
2025-08-09 23:46:19,175 - INFO - Cleared 0 cache files
2025-08-09 23:46:38,067 - INFO - Initialized cleaned_df in session state
2025-08-10 09:26:30,117 - INFO - Loading file: housing.csv, Size: 1423529 bytes
2025-08-10 09:26:30,236 - INFO - Successfully loaded CSV with delimiter ',': (20640, 10)
2025-08-10 09:26:30,951 - INFO - Successfully loaded data: 20640 rows, 10 columns
2025-08-10 09:26:30,958 - INFO - Initialized cleaned_df in session state
2025-08-10 09:26:30,987 - INFO - Computing missing value analysis...
2025-08-10 09:26:31,304 - INFO - Computing statistical summary...
2025-08-10 09:26:31,725 - INFO - Computing correlation matrix...
2025-08-10 09:42:06,154 - INFO - Cleared 0 cache files
2025-08-10 10:40:25,868 - INFO - Initialized cleaned_df in session state
2025-08-10 10:40:25,891 - INFO - Computing missing value analysis...
2025-08-10 10:40:26,208 - INFO - Computing statistical summary...
2025-08-10 10:40:26,534 - INFO - Computing correlation matrix...
2025-08-10 11:03:29,757 - INFO - Loading file: insurance.csv, Size: 55591 bytes
2025-08-10 11:03:29,866 - INFO - Successfully loaded CSV with delimiter ',': (1338, 7)
2025-08-10 11:03:30,575 - INFO - Successfully loaded data: 1338 rows, 7 columns
2025-08-10 11:03:30,587 - INFO - Initialized cleaned_df in session state (hash: c69bddf2e218c8debb40014f2ea3e205)
2025-08-10 11:03:30,603 - INFO - Computing statistical summary...
2025-08-10 11:03:30,611 - INFO - Computing missing value analysis...
2025-08-10 11:03:30,614 - INFO - Computing correlation matrix...
2025-08-10 11:04:46,531 - INFO - Initialized cleaned_df in session state (hash: c69bddf2e218c8debb40014f2ea3e205)
2025-08-10 11:13:21,779 - INFO - Initialized cleaned_df in session state (hash: c69bddf2e218c8debb40014f2ea3e205)
2025-08-10 11:14:08,937 - INFO - Cleared 0 cache files
2025-08-10 11:17:09,608 - ERROR - Model training error: Progress Value has invalid value [0.0, 1.0]: 50.000000
Traceback (most recent call last):
  File "/Users/ibrahimfofanah/Desktop/data-assistant-pro/app.py", line 3255, in <module>
    overall_progress.progress(20 + (60 * (i + 1) / total_models))
    ~~~~~~~~~~~~~~~~~~~~~~~~~^^^^^^^^^^^^^^^^^^^^^^^^^^^^^^^^^^^^
  File "/Users/ibrahimfofanah/Desktop/data-assistant-pro/venv/lib/python3.13/site-packages/streamlit/elements/progress.py", line 146, in progress
    progress_proto.value = _get_value(value)
                           ~~~~~~~~~~^^^^^^^
  File "/Users/ibrahimfofanah/Desktop/data-assistant-pro/venv/lib/python3.13/site-packages/streamlit/elements/progress.py", line 74, in _get_value
    raise StreamlitAPIException(
        "Progress Value has invalid value [0.0, 1.0]: %f" % value
    )
streamlit.errors.StreamlitAPIException: Progress Value has invalid value [0.0, 1.0]: 50.000000

2025-08-10 11:17:09,619 - WARNING - Plot generation error: 'NoneType' object has no attribute 'items'
2025-08-10 11:17:27,364 - INFO - Initialized cleaned_df in session state (hash: c69bddf2e218c8debb40014f2ea3e205)
2025-08-10 11:17:33,693 - INFO - Loading file: california_housing_train.csv, Size: 1706430 bytes
2025-08-10 11:17:33,808 - INFO - Successfully loaded CSV with delimiter ',': (17000, 9)
2025-08-10 11:17:34,517 - INFO - Successfully loaded data: 17000 rows, 9 columns
2025-08-10 11:20:20,612 - INFO - Loading file: loan_data.csv, Size: 26276 bytes
2025-08-10 11:20:20,717 - INFO - Successfully loaded CSV with delimiter ',': (381, 13)
2025-08-10 11:20:21,426 - INFO - Successfully loaded data: 381 rows, 13 columns
2025-08-10 11:20:21,430 - INFO - Initialized cleaned_df in session state (hash: bfe523d703316e84bc7cd3245c5802ab)
2025-08-10 11:20:21,438 - INFO - Computing statistical summary...
2025-08-10 11:20:21,443 - INFO - Computing missing value analysis...
2025-08-10 11:20:21,446 - INFO - Computing correlation matrix...
2025-08-10 11:27:27,110 - INFO - Initialized cleaned_df in session state (hash: 127c690d66affd82fdd5b407b3720bff)
2025-08-10 11:27:42,879 - INFO - Computing statistical summary...
2025-08-10 11:27:42,888 - INFO - Computing missing value analysis...
2025-08-10 11:27:42,891 - INFO - Computing correlation matrix...
2025-08-10 11:33:37,058 - INFO - Initialized cleaned_df in session state (hash: 127c690d66affd82fdd5b407b3720bff)
2025-08-10 11:35:37,162 - INFO - Computing statistical summary...
2025-08-10 11:35:37,171 - INFO - Computing missing value analysis...
2025-08-10 11:35:52,349 - INFO - Computing correlation matrix...
2025-08-10 11:38:20,998 - INFO - Cleared 0 cache files
2025-08-10 11:48:23,622 - INFO - Initialized cleaned_df in session state (hash: 127c690d66affd82fdd5b407b3720bff)
2025-08-10 12:06:10,497 - INFO - Outlier treatment completed using IQR detection and Remove treatment
2025-08-10 12:06:40,610 - INFO - Outlier treatment completed using IQR detection and Remove treatment
2025-08-10 12:06:40,611 - INFO - Applied Remove outlier treatment using IQR detection
2025-08-10 12:07:14,015 - INFO - Data types optimized, saved 928 bytes
2025-08-10 12:08:06,969 - INFO - Computing statistical summary...
2025-08-10 12:08:06,981 - INFO - Computing missing value analysis...
2025-08-10 12:14:16,529 - INFO - Initialized cleaned_df in session state (hash: 4dd6912dac18c43b21edac06d14de4ef)
2025-08-10 12:14:25,899 - INFO - Computing correlation matrix...
2025-08-10 12:15:50,011 - INFO - Applying Fill with Mean to columns: ['age', 'monthly_charges', 'total_charges', 'tenure_months', 'multiple_lines', 'online_security', 'tech_support']
2025-08-10 12:15:50,012 - INFO - Filled age with mean: 45.84
2025-08-10 12:15:50,012 - INFO - Filled monthly_charges with mean: 67.26
2025-08-10 12:15:50,012 - INFO - Filled tenure_months with mean: 37.43
2025-08-10 12:15:50,012 - INFO - Applied Fill with Mean to columns: ['age', 'monthly_charges', 'total_charges', 'tenure_months', 'multiple_lines', 'online_security', 'tech_support']
2025-08-10 12:30:18,193 - INFO - Initialized cleaned_df in session state (hash: 8d5bb86d07e82710bfe953eb426fbcea)
2025-08-10 12:30:36,765 - INFO - Computing statistical summary...
2025-08-10 12:30:36,783 - INFO - Computing missing value analysis...
2025-08-10 12:31:34,669 - INFO - Applying Drop Rows to columns: ['email', 'performance_score', 'training_hours', 'manager_id', 'years_experience', 'education_level']
2025-08-10 12:31:34,670 - INFO - Dropped 374 rows with missing values
2025-08-10 12:31:34,670 - INFO - Applied Drop Rows to columns: ['email', 'performance_score', 'training_hours', 'manager_id', 'years_experience', 'education_level']
2025-08-10 12:33:25,684 - INFO - Cleared 0 cache files
2025-08-10 12:34:14,451 - INFO - Loading file: cleaned_dataa.csv, Size: 303821 bytes
2025-08-10 12:34:14,561 - INFO - Successfully loaded CSV with delimiter ',': (1151, 18)
2025-08-10 12:34:15,270 - INFO - Successfully loaded data: 1151 rows, 18 columns
2025-08-10 12:34:15,306 - INFO - Updated session state with new data (hash: 181db75ffe0b9d08a8d3ed34c4a1e258)
2025-08-10 12:34:36,149 - INFO - Computing statistical summary...
2025-08-10 12:34:36,159 - INFO - Computing missing value analysis...
2025-08-10 12:41:19,237 - INFO - Cleared 0 cache files
2025-08-10 12:41:21,669 - INFO - Initialized cleaned_df in session state (hash: 181db75ffe0b9d08a8d3ed34c4a1e258)
2025-08-10 13:54:36,945 - INFO - Initialized cleaned_df in session state (hash: d6b46efbe26b4792064ba14a8eef637c)
2025-08-10 14:01:25,270 - INFO - Initialized cleaned_df in session state (hash: d6b46efbe26b4792064ba14a8eef637c)
2025-08-10 14:01:55,471 - INFO - Initialized cleaned_df in session state (hash: d6b46efbe26b4792064ba14a8eef637c)
